0 info it worked if it ends with ok
1 verbose cli [ '/usr/bin/node', '/usr/bin/npm', 'install', '--global', 'bower' ]
2 info using npm@2.6.1
3 info using node@v0.12.0
4 silly cache add args [ 'bower', null ]
5 verbose cache add spec bower
6 silly cache add parsed spec { raw: 'bower',
6 silly cache add   scope: null,
6 silly cache add   name: 'bower',
6 silly cache add   rawSpec: '',
6 silly cache add   spec: '*',
6 silly cache add   type: 'range' }
7 verbose addNamed bower@*
8 silly addNamed semver.valid null
9 silly addNamed semver.validRange *
10 silly addNameRange { name: 'bower', range: '*', hasData: false }
11 silly mapToRegistry name bower
12 silly mapToRegistry using default registry
13 silly mapToRegistry registry https://registry.npmjs.org/
14 silly mapToRegistry uri https://registry.npmjs.org/bower
15 verbose addNameRange registry:https://registry.npmjs.org/bower not in flight; fetching
16 verbose request uri https://registry.npmjs.org/bower
17 verbose request no auth needed
18 info attempt registry request try #1 at 20:33:54
19 verbose request id 4092192b212fa75a
20 http request GET https://registry.npmjs.org/bower
21 http 200 https://registry.npmjs.org/bower
22 silly get cb [ 200,
22 silly get   { date: 'Tue, 03 Mar 2015 19:33:53 GMT',
22 silly get     server: 'CouchDB/1.5.0 (Erlang OTP/R16B03)',
22 silly get     etag: '"EL9MGRLNON4T4ZXP9J0EA9ZP2"',
22 silly get     'content-type': 'application/json',
22 silly get     'cache-control': 'max-age=60',
22 silly get     'content-length': '106504',
22 silly get     'accept-ranges': 'bytes',
22 silly get     via: '1.1 varnish',
22 silly get     age: '40',
22 silly get     'x-served-by': 'cache-fra1231-FRA',
22 silly get     'x-cache': 'HIT',
22 silly get     'x-cache-hits': '3',
22 silly get     'x-timer': 'S1425411233.536619,VS0,VE0',
22 silly get     vary: 'Accept',
22 silly get     'keep-alive': 'timeout=10, max=50',
22 silly get     connection: 'Keep-Alive' } ]
23 verbose get saving bower to /home/florent/.npm/registry.npmjs.org/bower/.cache.json
24 silly addNameRange number 2 { name: 'bower', range: '*', hasData: true }
25 silly addNameRange versions [ 'bower',
25 silly addNameRange   [ '0.1.0',
25 silly addNameRange     '0.1.2',
25 silly addNameRange     '0.1.3',
25 silly addNameRange     '0.2.0',
25 silly addNameRange     '0.3.0',
25 silly addNameRange     '0.3.1',
25 silly addNameRange     '0.3.2',
25 silly addNameRange     '0.4.0',
25 silly addNameRange     '0.5.0',
25 silly addNameRange     '0.5.1',
25 silly addNameRange     '0.6.0',
25 silly addNameRange     '0.6.1',
25 silly addNameRange     '0.6.2',
25 silly addNameRange     '0.6.3',
25 silly addNameRange     '0.6.4',
25 silly addNameRange     '0.6.5',
25 silly addNameRange     '0.6.6',
25 silly addNameRange     '0.6.7',
25 silly addNameRange     '0.6.8',
25 silly addNameRange     '0.7.0',
25 silly addNameRange     '0.7.1',
25 silly addNameRange     '0.8.0',
25 silly addNameRange     '0.8.1',
25 silly addNameRange     '0.8.2',
25 silly addNameRange     '0.8.3',
25 silly addNameRange     '0.8.4',
25 silly addNameRange     '0.8.5',
25 silly addNameRange     '0.8.6',
25 silly addNameRange     '0.9.0',
25 silly addNameRange     '0.9.1',
25 silly addNameRange     '0.9.2',
25 silly addNameRange     '0.10.0',
25 silly addNameRange     '1.0.0',
25 silly addNameRange     '1.0.1',
25 silly addNameRange     '1.0.2',
25 silly addNameRange     '1.0.3',
25 silly addNameRange     '1.1.0',
25 silly addNameRange     '1.1.1',
25 silly addNameRange     '1.1.2',
25 silly addNameRange     '1.2.0',
25 silly addNameRange     '1.2.1',
25 silly addNameRange     '1.2.2',
25 silly addNameRange     '1.2.3',
25 silly addNameRange     '1.2.4',
25 silly addNameRange     '1.2.5',
25 silly addNameRange     '1.2.6',
25 silly addNameRange     '1.2.7',
25 silly addNameRange     '1.2.8',
25 silly addNameRange     '1.3.0',
25 silly addNameRange     '1.3.1',
25 silly addNameRange     '1.3.2',
25 silly addNameRange     '1.3.3',
25 silly addNameRange     '1.3.4',
25 silly addNameRange     '1.3.5',
25 silly addNameRange     '1.3.6',
25 silly addNameRange     '1.3.7',
25 silly addNameRange     '1.3.8',
25 silly addNameRange     '1.3.9',
25 silly addNameRange     '1.3.10',
25 silly addNameRange     '1.3.11',
25 silly addNameRange     '1.3.12' ] ]
26 verbose addNamed bower@1.3.12
27 silly addNamed semver.valid 1.3.12
28 silly addNamed semver.validRange 1.3.12
29 silly mapToRegistry name bower
30 silly mapToRegistry using default registry
31 silly mapToRegistry registry https://registry.npmjs.org/
32 silly mapToRegistry uri https://registry.npmjs.org/bower
33 verbose addRemoteTarball https://registry.npmjs.org/bower/-/bower-1.3.12.tgz not in flight; adding
34 verbose addRemoteTarball [ 'https://registry.npmjs.org/bower/-/bower-1.3.12.tgz',
34 verbose addRemoteTarball   '37de0edb3904baf90aee13384a1a379a05ee214c' ]
35 info retry fetch attempt 1 at 20:33:55
36 info attempt registry request try #1 at 20:33:55
37 http fetch GET https://registry.npmjs.org/bower/-/bower-1.3.12.tgz
38 http fetch 200 https://registry.npmjs.org/bower/-/bower-1.3.12.tgz
39 silly fetchAndShaCheck shasum 37de0edb3904baf90aee13384a1a379a05ee214c
40 verbose addTmpTarball /tmp/npm-7568-1a1ac2b9/registry.npmjs.org/bower/-/bower-1.3.12.tgz not in flight; adding
41 verbose addTmpTarball already have metadata; skipping unpack for bower@1.3.12
42 silly cache afterAdd bower@1.3.12
43 verbose afterAdd /home/florent/.npm/bower/1.3.12/package/package.json not in flight; writing
44 verbose afterAdd /home/florent/.npm/bower/1.3.12/package/package.json written
45 silly install resolved [ { name: 'bower',
45 silly install resolved     version: '1.3.12',
45 silly install resolved     description: 'The browser package manager',
45 silly install resolved     author: { name: 'Twitter' },
45 silly install resolved     licenses: [ [Object] ],
45 silly install resolved     repository: { type: 'git', url: 'https://github.com/bower/bower' },
45 silly install resolved     main: 'lib',
45 silly install resolved     homepage: 'http://bower.io',
45 silly install resolved     engines: { node: '>=0.10.0' },
45 silly install resolved     dependencies:
45 silly install resolved      { abbrev: '~1.0.4',
45 silly install resolved        archy: '0.0.2',
45 silly install resolved        'bower-config': '~0.5.2',
45 silly install resolved        'bower-endpoint-parser': '~0.2.2',
45 silly install resolved        'bower-json': '~0.4.0',
45 silly install resolved        'bower-logger': '~0.2.2',
45 silly install resolved        'bower-registry-client': '~0.2.0',
45 silly install resolved        cardinal: '0.4.0',
45 silly install resolved        chalk: '0.5.0',
45 silly install resolved        chmodr: '0.1.0',
45 silly install resolved        'decompress-zip': '0.0.8',
45 silly install resolved        fstream: '~1.0.2',
45 silly install resolved        'fstream-ignore': '~1.0.1',
45 silly install resolved        glob: '~4.0.2',
45 silly install resolved        'graceful-fs': '~3.0.1',
45 silly install resolved        handlebars: '~2.0.0',
45 silly install resolved        inquirer: '0.7.1',
45 silly install resolved        insight: '0.4.3',
45 silly install resolved        'is-root': '~1.0.0',
45 silly install resolved        junk: '~1.0.0',
45 silly install resolved        lockfile: '~1.0.0',
45 silly install resolved        'lru-cache': '~2.5.0',
45 silly install resolved        mkdirp: '0.5.0',
45 silly install resolved        mout: '~0.9.0',
45 silly install resolved        nopt: '~3.0.0',
45 silly install resolved        opn: '~1.0.0',
45 silly install resolved        osenv: '0.1.0',
45 silly install resolved        'p-throttler': '0.1.0',
45 silly install resolved        promptly: '0.2.0',
45 silly install resolved        q: '~1.0.1',
45 silly install resolved        request: '~2.42.0',
45 silly install resolved        'request-progress': '0.3.0',
45 silly install resolved        retry: '0.6.0',
45 silly install resolved        rimraf: '~2.2.0',
45 silly install resolved        semver: '~2.3.0',
45 silly install resolved        'shell-quote': '~1.4.1',
45 silly install resolved        'stringify-object': '~1.0.0',
45 silly install resolved        'tar-fs': '0.5.2',
45 silly install resolved        tmp: '0.0.23',
45 silly install resolved        'update-notifier': '0.2.0',
45 silly install resolved        which: '~1.0.5' },
45 silly install resolved     devDependencies:
45 silly install resolved      { coveralls: '~2.11.0',
45 silly install resolved        'expect.js': '~0.3.1',
45 silly install resolved        grunt: '~0.4.4',
45 silly install resolved        'grunt-cli': '^0.1.13',
45 silly install resolved        'grunt-contrib-jshint': '~0.10.0',
45 silly install resolved        'grunt-contrib-watch': '~0.6.1',
45 silly install resolved        'grunt-exec': '~0.4.2',
45 silly install resolved        'grunt-simple-mocha': '~0.4.0',
45 silly install resolved        istanbul: '~0.3.2',
45 silly install resolved        'load-grunt-tasks': '~0.6.0',
45 silly install resolved        mocha: '~1.21.4',
45 silly install resolved        nock: '~0.46.0',
45 silly install resolved        'node-uuid': '~1.4.1',
45 silly install resolved        proxyquire: '~1.0.1' },
45 silly install resolved     scripts: { test: 'grunt test' },
45 silly install resolved     bin: { bower: 'bin/bower' },
45 silly install resolved     preferGlobal: true,
45 silly install resolved     gitHead: 'b26c072f0db054a1902ec4d2e3726dbf8a1c799a',
45 silly install resolved     bugs: { url: 'https://github.com/bower/bower/issues' },
45 silly install resolved     _id: 'bower@1.3.12',
45 silly install resolved     _shasum: '37de0edb3904baf90aee13384a1a379a05ee214c',
45 silly install resolved     _from: 'bower@*',
45 silly install resolved     _npmVersion: '2.0.0',
45 silly install resolved     _npmUser: { name: 'sheerun', email: 'sheerun@sher.pl' },
45 silly install resolved     maintainers: [ [Object], [Object], [Object], [Object], [Object], [Object] ],
45 silly install resolved     dist:
45 silly install resolved      { shasum: '37de0edb3904baf90aee13384a1a379a05ee214c',
45 silly install resolved        tarball: 'http://registry.npmjs.org/bower/-/bower-1.3.12.tgz' },
45 silly install resolved     directories: {},
45 silly install resolved     _resolved: 'https://registry.npmjs.org/bower/-/bower-1.3.12.tgz' } ]
46 info install bower@1.3.12 into /usr/lib
47 info installOne bower@1.3.12
48 verbose installOne of bower to /usr/lib not in flight; installing
49 verbose lock using /home/florent/.npm/_locks/bower-f46d670cb56ecd4d.lock for /usr/lib/node_modules/bower
50 silly install write writing bower 1.3.12 to /usr/lib/node_modules/bower
51 silly cache addNamed cb bower@1.3.12
52 verbose unbuild lib/node_modules/bower
53 info preuninstall bower@1.3.12
54 info uninstall bower@1.3.12
55 verbose unbuild rmStuff bower@1.3.12 from /usr/lib/node_modules
56 verbose gentlyRm verifying that /usr is managed by npm
57 silly isManaged /usr is not inside /usr/lib/node_modules
58 silly isManaged /usr is not inside /usr/lib/node_modules
59 silly isManaged /usr/bin is inside /usr
60 silly gentlyRm /usr is managed by npm
61 silly gentlyRm /usr/bin/bower is under /usr
62 verbose gentlyRm vacuuming /usr/bin/bower up to /usr
63 silly gentlyRm removing /usr/bin/bower
64 verbose unlock done using /home/florent/.npm/_locks/bower-f46d670cb56ecd4d.lock for /usr/lib/node_modules/bower
65 verbose stack Error: EACCES, unlink '/usr/bin/bower'
65 verbose stack     at Error (native)
66 verbose cwd /home/florent/projets/subalcatel
67 error Linux 3.19.0-1-ck
68 error argv "/usr/bin/node" "/usr/bin/npm" "install" "--global" "bower"
69 error node v0.12.0
70 error npm  v2.6.1
71 error path /usr/bin/bower
72 error code EACCES
73 error errno -13
74 error Error: EACCES, unlink '/usr/bin/bower'
74 error     at Error (native)
74 error  { [Error: EACCES, unlink '/usr/bin/bower'] errno: -13, code: 'EACCES', path: '/usr/bin/bower' }
75 error Please try running this command again as root/Administrator.
76 verbose exit [ -13, true ]
77 verbose unbuild lib/node_modules/bower
78 info preuninstall bower@1.3.12
79 info uninstall bower@1.3.12
80 verbose unbuild rmStuff bower@1.3.12 from /usr/lib/node_modules
81 verbose gentlyRm verifying that /usr is managed by npm
82 silly isManaged /usr is not inside /usr/lib/node_modules
83 silly isManaged /usr is not inside /usr/lib/node_modules
84 silly isManaged /usr is not inside /usr/bin
85 silly isManaged /usr is inside /usr
86 silly gentlyRm /usr is managed by npm
87 silly gentlyRm /usr/bin/bower is under /usr
88 verbose gentlyRm vacuuming /usr/bin/bower up to /usr
89 silly gentlyRm removing /usr/bin/bower
90 error error rolling back Error: EACCES, unlink '/usr/bin/bower'
90 error error rolling back     at Error (native)
90 error error rolling back  { [Error: EACCES, unlink '/usr/bin/bower'] errno: -13, code: 'EACCES', path: '/usr/bin/bower' }
